<?xml version="1.0" encoding="UTF-8"?>
<!-- Generated by org.testng.reporters.JUnitXMLReporter -->
<testsuite hostname="aubrey-PC" ignored="0" name="Surefire test" tests="2" failures="0" timestamp="08 Aug 2020 13:25:26 GMT" time="48.35" errors="0">
  <testcase name="Way2Automation_one on Way2Automation_one(Absa_Web_UI_test.Task_Tow_TestSuite_one)" time="28.812" classname="Absa_Web_UI_test.Task_Tow_TestSuite_one"/>
  <testcase name="Way2Automation_two on Way2Automation_two(Absa_Web_UI_test.Task_Tow_TestSuite_two)" time="19.431" classname="Absa_Web_UI_test.Task_Tow_TestSuite_two"/>
</testsuite> <!-- Surefire test -->
