<?xml version="1.0" encoding="UTF-8"?>
<testng-results skipped="0" failed="0" ignored="0" total="2" passed="2">
  <reporter-output>
  </reporter-output>
  <suite name="Surefire suite" duration-ms="49382" started-at="2020-08-09T21:59:27Z" finished-at="2020-08-09T22:00:16Z">
    <groups>
    </groups>
    <test name="Surefire test" duration-ms="49382" started-at="2020-08-09T21:59:27Z" finished-at="2020-08-09T22:00:16Z">
      <class name="Absa_Web_UI_test.Task_Tow_TestSuite_one">
        <test-method status="PASS" signature="Way2Automation_one()" name="Way2Automation_one" duration-ms="24409" started-at="2020-08-09T23:59:27Z" finished-at="2020-08-09T23:59:52Z">
          <reporter-output>
          </reporter-output>
        </test-method> <!-- Way2Automation_one -->
      </class> <!-- Absa_Web_UI_test.Task_Tow_TestSuite_one -->
      <class name="Absa_Web_UI_test.Task_Tow_TestSuite_two">
        <test-method status="PASS" signature="Way2Automation_two()" name="Way2Automation_two" duration-ms="24855" started-at="2020-08-09T23:59:52Z" finished-at="2020-08-10T00:00:16Z">
          <reporter-output>
          </reporter-output>
        </test-method> <!-- Way2Automation_two -->
      </class> <!-- Absa_Web_UI_test.Task_Tow_TestSuite_two -->
    </test> <!-- Surefire test -->
  </suite> <!-- Surefire suite -->
</testng-results>
