<?xml version="1.0" encoding="UTF-8"?>
<testng-results skipped="0" failed="0" ignored="0" total="2" passed="2">
  <reporter-output>
  </reporter-output>
  <suite name="Surefire suite" duration-ms="48350" started-at="2020-08-08T13:24:37Z" finished-at="2020-08-08T13:25:26Z">
    <groups>
    </groups>
    <test name="Surefire test" duration-ms="48350" started-at="2020-08-08T13:24:37Z" finished-at="2020-08-08T13:25:26Z">
      <class name="Absa_Web_UI_test.Task_Tow_TestSuite_one">
        <test-method status="PASS" signature="Way2Automation_one()" name="Way2Automation_one" duration-ms="28812" started-at="2020-08-08T15:24:37Z" finished-at="2020-08-08T15:25:06Z">
          <reporter-output>
          </reporter-output>
        </test-method> <!-- Way2Automation_one -->
      </class> <!-- Absa_Web_UI_test.Task_Tow_TestSuite_one -->
      <class name="Absa_Web_UI_test.Task_Tow_TestSuite_two">
        <test-method status="PASS" signature="Way2Automation_two()" name="Way2Automation_two" duration-ms="19431" started-at="2020-08-08T15:25:06Z" finished-at="2020-08-08T15:25:26Z">
          <reporter-output>
          </reporter-output>
        </test-method> <!-- Way2Automation_two -->
      </class> <!-- Absa_Web_UI_test.Task_Tow_TestSuite_two -->
    </test> <!-- Surefire test -->
  </suite> <!-- Surefire suite -->
</testng-results>
